<?xml version="1.0" encoding="UTF-8"?>
<!-- Generated by org.testng.reporters.JUnitXMLReporter -->
<testsuite ignored="0" hostname="DESKTOP-TIACE3S" failures="1" tests="10" name="TutorialNinja Tests " time="74.664" errors="0" timestamp="2023-12-20T11:35:05 IST">
  <testcase classname="com.tutorialninja.qa.testcases.Register" name="verifyRegistrationWithOnlyWithMandetoryFields" time="4.112"/>
  <testcase classname="com.tutorialninja.qa.testcases.Register" name="verifyRegistrationWithAllWithMandetoryFields" time="3.288"/>
  <testcase classname="com.tutorialninja.qa.testcases.Register" name="verifyRegistrationWithOnlyWithSameFields" time="3.047"/>
  <testcase classname="com.tutorialninja.qa.testcases.Register" name="verifyRegistrationWithOnlyWithEmptyFields" time="3.186"/>
  <testcase classname="com.tutorialninja.qa.testcases.Login" name="logInWithValidCreedentials" time="1.355"/>
  <testcase classname="com.tutorialninja.qa.testcases.Login" name="verifyLogInWithInvalidCredentials" time="1.548"/>
  <testcase classname="com.tutorialninja.qa.testcases.Login" name="logInWithNoCredentials" time="1.137"/>
  <testcase classname="com.tutorialninja.qa.testcases.Search" name="veerifySearchWithValidProduct" time="1.435"/>
  <testcase classname="com.tutorialninja.qa.testcases.Search" name="verifySearchWithInvalidProduct" time="0.893">
    <failure type="java.lang.AssertionError" message="null">
      <![CDATA[java.lang.AssertionError: null
at com.tutorialninja.qa.testcases.Search.verifySearchWithInvalidProduct(Search.java:57)
at java.base/java.util.ArrayList.forEach(ArrayList.java:1511)
... Removed 27 stack frames]]>
    </failure>
  </testcase> <!-- verifySearchWithInvalidProduct -->
  <testcase classname="com.tutorialninja.qa.testcases.Search" name="verifySearchWithNoProduct" time="0.0">
    <skipped/>
  </testcase> <!-- verifySearchWithNoProduct -->
</testsuite> <!-- TutorialNinja Tests  -->
